  [1m[35m (567.2ms)[0m  [1m[35mCREATE DATABASE "mini_capstone_development" ENCODING = 'unicode'[0m
  [1m[35m (378.1ms)[0m  [1m[35mCREATE DATABASE "mini_capstone_test" ENCODING = 'unicode'[0m
  [1m[35m (37.8ms)[0m  [1m[35mCREATE TABLE "schema_migrations" ("version" character varying NOT NULL PRIMARY KEY)[0m
  [1m[35m (26.9ms)[0m  [1m[35mCREATE TABLE "ar_internal_metadata" ("key" character varying NOT NULL PRIMARY KEY, "value" character varying, "created_at" timestamp(6) NOT NULL, "updated_at" timestamp(6) NOT NULL)[0m
  [1m[35m (1.8ms)[0m  [1m[34mSELECT pg_try_advisory_lock(4423496750447225430)[0m
  [1m[35m (2.6ms)[0m  [1m[34mSELECT "schema_migrations"."version" FROM "schema_migrations" ORDER BY "schema_migrations"."version" ASC[0m
Migrating to CreateProducts (20191106020302)
  [1m[35m (0.3ms)[0m  [1m[35mBEGIN[0m
  [1m[35m (26.9ms)[0m  [1m[35mCREATE TABLE "products" ("id" bigserial primary key, "name" character varying, "price" integer, "currency_code" character varying, "stock" integer, "image_url" character varying, "description" character varying, "on_sale" boolean, "discount" integer, "created_at" timestamp(6) NOT NULL, "updated_at" timestamp(6) NOT NULL)[0m
  [1m[36mprimary::SchemaMigration Create (0.9ms)[0m  [1m[32mINSERT INTO "schema_migrations" ("version") VALUES ($1) RETURNING "version"[0m  [["version", "20191106020302"]]
  [1m[35m (1.3ms)[0m  [1m[35mCOMMIT[0m
  [1m[36mActiveRecord::InternalMetadata Load (0.9ms)[0m  [1m[34mSELECT "ar_internal_metadata".* FROM "ar_internal_metadata" WHERE "ar_internal_metadata"."key" = $1 LIMIT $2[0m  [["key", "environment"], ["LIMIT", 1]]
  [1m[35m (1.1ms)[0m  [1m[35mBEGIN[0m
  [1m[36mActiveRecord::InternalMetadata Create (2.9ms)[0m  [1m[32mINSERT INTO "ar_internal_metadata" ("key", "value", "created_at", "updated_at") VALUES ($1, $2, $3, $4) RETURNING "key"[0m  [["key", "environment"], ["value", "development"], ["created_at", "2019-11-06 02:08:37.285295"], ["updated_at", "2019-11-06 02:08:37.285295"]]
  [1m[35m (4.7ms)[0m  [1m[35mCOMMIT[0m
  [1m[35m (0.3ms)[0m  [1m[34mSELECT pg_advisory_unlock(4423496750447225430)[0m
  [1m[35m (1.4ms)[0m  [1m[34mSELECT "schema_migrations"."version" FROM "schema_migrations" ORDER BY "schema_migrations"."version" ASC[0m
  [1m[35m (0.8ms)[0m  [1m[34mSELECT "schema_migrations"."version" FROM "schema_migrations" ORDER BY "schema_migrations"."version" ASC[0m
  [1m[35m (0.2ms)[0m  [1m[35mBEGIN[0m
  [1m[36mProduct Create (1.0ms)[0m  [1m[32mINSERT INTO "products" ("name", "price", "currency_code", "stock", "image_url", "description", "on_sale", "created_at", "updated_at") VALUES ($1, $2, $3, $4, $5, $6, $7, $8, $9) RETURNING "id"[0m  [["name", "Petticoat"], ["price", 19], ["currency_code", "$"], ["stock", 2], ["image_url", "www.google.com"], ["description", "Wear underneath skirt to add body."], ["on_sale", false], ["created_at", "2019-11-06 02:08:44.027915"], ["updated_at", "2019-11-06 02:08:44.027915"]]
  [1m[35m (1.4ms)[0m  [1m[35mCOMMIT[0m
  [1m[35m (0.2ms)[0m  [1m[35mBEGIN[0m
  [1m[36mProduct Create (0.4ms)[0m  [1m[32mINSERT INTO "products" ("name", "price", "currency_code", "stock", "image_url", "description", "on_sale", "created_at", "updated_at") VALUES ($1, $2, $3, $4, $5, $6, $7, $8, $9) RETURNING "id"[0m  [["name", "Blouse"], ["price", 24], ["currency_code", "$"], ["stock", 9], ["image_url", "www.google.com"], ["description", "Long sleeve blouse with standing collar"], ["on_sale", false], ["created_at", "2019-11-06 02:08:44.034312"], ["updated_at", "2019-11-06 02:08:44.034312"]]
  [1m[35m (1.2ms)[0m  [1m[35mCOMMIT[0m
  [1m[35m (0.2ms)[0m  [1m[35mBEGIN[0m
  [1m[36mProduct Create (0.4ms)[0m  [1m[32mINSERT INTO "products" ("name", "price", "currency_code", "stock", "image_url", "description", "on_sale", "discount", "created_at", "updated_at") VALUES ($1, $2, $3, $4, $5, $6, $7, $8, $9, $10) RETURNING "id"[0m  [["name", "Circle Skirt"], ["price", 29], ["currency_code", "$"], ["stock", 4], ["image_url", "www.google.com"], ["description", "Calf length full circle skirt"], ["on_sale", true], ["discount", 10], ["created_at", "2019-11-06 02:08:44.039233"], ["updated_at", "2019-11-06 02:08:44.039233"]]
  [1m[35m (1.3ms)[0m  [1m[35mCOMMIT[0m
  [1m[36mProduct Load (0.4ms)[0m  [1m[34mSELECT "products".* FROM "products" LIMIT $1[0m  [["LIMIT", 11]]
  [1m[36mProduct Load (1.1ms)[0m  [1m[34mSELECT "products".* FROM "products"[0m
Started GET "/api/all_products" for ::1 at 2019-11-05 20:12:26 -0600
  [1m[35m (0.7ms)[0m  [1m[34mSELECT "schema_migrations"."version" FROM "schema_migrations" ORDER BY "schema_migrations"."version" ASC[0m
Processing by Api::ProductsController#display_all_products as HTML
  Rendering api/products/all_products.json.jb
  Rendered api/products/all_products.json.jb (Duration: 3.9ms | Allocations: 353)
Completed 200 OK in 36ms (Views: 35.2ms | ActiveRecord: 0.0ms | Allocations: 3836)


Started GET "/api/all_products" for ::1 at 2019-11-05 20:15:51 -0600
Processing by Api::ProductsController#display_all_products as HTML
Completed 500 Internal Server Error in 4ms (ActiveRecord: 0.0ms | Allocations: 2263)


  
NameError (uninitialized constant ApplicationController::Products):
  
app/controllers/application_controller.rb:4:in `get_db_extract'
app/controllers/application_controller.rb:8:in `display_all_products'
Started GET "/api/all_products" for ::1 at 2019-11-05 20:16:01 -0600
Processing by Api::ProductsController#display_all_products as HTML
  Rendering api/products/all_products.json.jb
  Rendered api/products/all_products.json.jb (Duration: 0.3ms | Allocations: 59)
  [1m[36mProduct Load (0.7ms)[0m  [1m[34mSELECT "products".* FROM "products"[0m
  ↳ app/controllers/application_controller.rb:9:in `display_all_products'
Completed 200 OK in 31ms (Views: 22.3ms | ActiveRecord: 5.1ms | Allocations: 10732)


Started GET "/api/all_products" for ::1 at 2019-11-05 20:19:37 -0600
  
SyntaxError (/Users/nezumi/Actualize/mini_capstone/app/controllers/application_controller.rb:10: syntax error, unexpected ',', expecting =>
        product.name,
                    ^
/Users/nezumi/Actualize/mini_capstone/app/controllers/application_controller.rb:12: syntax error, unexpected '}', expecting '='
      }
      ^
/Users/nezumi/Actualize/mini_capstone/app/controllers/application_controller.rb:21: syntax error, unexpected end-of-input, expecting end):
  
app/controllers/application_controller.rb:10: syntax error, unexpected ',', expecting =>
app/controllers/application_controller.rb:12: syntax error, unexpected '}', expecting '='
app/controllers/application_controller.rb:21: syntax error, unexpected end-of-input, expecting end
app/controllers/application_controller.rb:10: syntax error, unexpected ',', expecting =>
app/controllers/application_controller.rb:12: syntax error, unexpected '}', expecting '='
app/controllers/application_controller.rb:21: syntax error, unexpected end-of-input, expecting end
app/controllers/application_controller.rb:10: syntax error, unexpected ',', expecting =>
app/controllers/application_controller.rb:12: syntax error, unexpected '}', expecting '='
app/controllers/application_controller.rb:21: syntax error, unexpected end-of-input, expecting end
app/controllers/api/products_controller.rb:1:in `<main>'
Started GET "/api/all_products" for ::1 at 2019-11-05 20:22:28 -0600
Started GET "/api/all_products" for ::1 at 2019-11-05 20:23:13 -0600
Started GET "/api/all_products" for ::1 at 2019-11-05 20:24:27 -0600
  [1m[35m (1.6ms)[0m  [1m[34mSELECT "schema_migrations"."version" FROM "schema_migrations" ORDER BY "schema_migrations"."version" ASC[0m
Processing by Api::ProductsController#display_all_products as HTML
  Rendering api/products/all_products.json.jb
  Rendered api/products/all_products.json.jb (Duration: 2.3ms | Allocations: 173)
  [1m[36mProduct Load (0.9ms)[0m  [1m[34mSELECT "products".* FROM "products"[0m
  ↳ app/controllers/application_controller.rb:14:in `display_all_products'
Completed 200 OK in 45ms (Views: 33.1ms | ActiveRecord: 8.4ms | Allocations: 11686)


Started GET "/api/all_products" for ::1 at 2019-11-05 20:24:36 -0600
Processing by Api::ProductsController#display_all_products as */*
  Rendering api/products/all_products.json.jb
  Rendered api/products/all_products.json.jb (Duration: 0.4ms | Allocations: 5)
  [1m[36mProduct Load (0.5ms)[0m  [1m[34mSELECT "products".* FROM "products"[0m
  ↳ app/controllers/application_controller.rb:14:in `display_all_products'
Completed 200 OK in 19ms (Views: 14.2ms | ActiveRecord: 3.6ms | Allocations: 9069)


Started GET "/api/all_products" for ::1 at 2019-11-05 20:25:37 -0600
Processing by Api::ProductsController#display_all_products as */*
  [1m[36mProduct Load (0.4ms)[0m  [1m[34mSELECT "products".* FROM "products"[0m
  ↳ app/controllers/application_controller.rb:9:in `parse_all_products'
  Rendering api/products/all_products.json.jb
  Rendered api/products/all_products.json.jb (Duration: 0.3ms | Allocations: 63)
Completed 200 OK in 40ms (Views: 5.5ms | ActiveRecord: 3.5ms | Allocations: 9522)


Started GET "/api/all_products" for ::1 at 2019-11-05 20:27:59 -0600
Processing by Api::ProductsController#display_all_products as */*
  Rendering api/products/all_products.json.jb
  Rendered api/products/all_products.json.jb (Duration: 0.3ms | Allocations: 59)
  [1m[36mProduct Load (1.0ms)[0m  [1m[34mSELECT "products".* FROM "products"[0m
  ↳ app/controllers/application_controller.rb:14:in `display_all_products'
Completed 200 OK in 23ms (Views: 15.4ms | ActiveRecord: 4.0ms | Allocations: 10018)


Started GET "/api/all_products" for ::1 at 2019-11-05 20:29:33 -0600
  
SyntaxError (/Users/nezumi/Actualize/mini_capstone/app/controllers/application_controller.rb:20: syntax error, unexpected end-of-input, expecting end):
  
app/controllers/application_controller.rb:20: syntax error, unexpected end-of-input, expecting end
app/controllers/application_controller.rb:20: syntax error, unexpected end-of-input, expecting end
app/controllers/application_controller.rb:20: syntax error, unexpected end-of-input, expecting end
app/controllers/api/products_controller.rb:1:in `<main>'
Started GET "/api/all_products" for ::1 at 2019-11-05 20:29:54 -0600
Started GET "/api/all_products" for ::1 at 2019-11-05 20:32:58 -0600
Started GET "/api/all_products" for ::1 at 2019-11-05 20:32:58 -0600
Started GET "/api/all_products" for ::1 at 2019-11-05 20:32:58 -0600
Processing by Api::ProductsController#display_all_products as */*
Started GET "/api/all_products" for ::1 at 2019-11-05 20:32:58 -0600
Completed 500 Internal Server Error in 1ms (ActiveRecord: 0.0ms | Allocations: 896)


  
NoMethodError (undefined method `map' for nil:NilClass):
  
app/controllers/application_controller.rb:9:in `parse_all_products'
app/controllers/application_controller.rb:19:in `display_all_products'
Processing by Api::ProductsController#display_all_products as */*
Completed 500 Internal Server Error in 1ms (ActiveRecord: 0.0ms | Allocations: 893)


  
NoMethodError (undefined method `map' for nil:NilClass):
  
app/controllers/application_controller.rb:9:in `parse_all_products'
app/controllers/application_controller.rb:19:in `display_all_products'
Started GET "/api/all_products" for ::1 at 2019-11-05 20:33:39 -0600
Processing by Api::ProductsController#display_all_products as */*
Processing by Api::ProductsController#display_all_products as */*
  [1m[36mProduct Load (1.9ms)[0m  [1m[34mSELECT "products".* FROM "products"[0m
  [1m[36mProduct Load (2.4ms)[0m  [1m[34mSELECT "products".* FROM "products"[0m
  ↳ app/controllers/application_controller.rb:10:in `map'
  ↳ app/controllers/application_controller.rb:10:in `map'
Processing by Api::ProductsController#display_all_products as */*
Processing by Api::ProductsController#display_all_products as */*
  [1m[36mProduct Load (13.3ms)[0m  [1m[34mSELECT "products".* FROM "products"[0m
  ↳ app/controllers/application_controller.rb:10:in `map'
  [1m[36mProduct Load (1.6ms)[0m  [1m[34mSELECT "products".* FROM "products"[0m
  ↳ app/controllers/application_controller.rb:10:in `map'
  Rendering api/products/all_products.json.jb
  Rendering api/products/all_products.json.jb
  Rendering api/products/all_products.json.jb
  Rendered api/products/all_products.json.jb (Duration: 0.1ms | Allocations: 4)
  Rendering api/products/all_products.json.jb
  Rendered api/products/all_products.json.jb (Duration: 0.0ms | Allocations: 4)
  Rendered api/products/all_products.json.jb (Duration: 0.0ms | Allocations: 4)
Completed 200 OK in 45ms (Views: 4.1ms | ActiveRecord: 10.3ms | Allocations: 14818)


  Rendered api/products/all_products.json.jb (Duration: 0.1ms | Allocations: 5)
Completed 200 OK in 21ms (Views: 3.7ms | ActiveRecord: 14.4ms | Allocations: 9256)


Completed 200 OK in 35ms (Views: 2.8ms | ActiveRecord: 29.3ms | Allocations: 10292)


Completed 200 OK in 43ms (Views: 4.2ms | ActiveRecord: 19.9ms | Allocations: 15133)


Started GET "/api/all_products" for ::1 at 2019-11-05 20:34:33 -0600
Started GET "/api/all_products" for ::1 at 2019-11-05 20:35:20 -0600
Started GET "/api/all_products" for ::1 at 2019-11-05 20:35:20 -0600
Processing by Api::ProductsController#display_all_products as */*
Processing by Api::ProductsController#display_all_products as */*
  [1m[36mProduct Load (1.1ms)[0m  [1m[34mSELECT "products".* FROM "products"[0m
  ↳ app/controllers/application_controller.rb:10:in `map'
  [1m[36mProduct Load (2.1ms)[0m  [1m[34mSELECT "products".* FROM "products"[0m
  ↳ app/controllers/application_controller.rb:10:in `map'
  Rendering api/products/all_products.json.jb
  Rendering api/products/all_products.json.jb
  Rendered api/products/all_products.json.jb (Duration: 0.1ms | Allocations: 4)
  Rendered api/products/all_products.json.jb (Duration: 0.0ms | Allocations: 4)
Completed 200 OK in 23ms (Views: 2.0ms | ActiveRecord: 7.5ms | Allocations: 9415)


Completed 200 OK in 22ms (Views: 1.4ms | ActiveRecord: 14.5ms | Allocations: 9171)


Started GET "/api/all_products" for ::1 at 2019-11-05 20:37:36 -0600
Started GET "/api/all_products" for ::1 at 2019-11-05 20:37:36 -0600
Processing by Api::ProductsController#display_all_products as */*
Processing by Api::ProductsController#display_all_products as */*
Started GET "/api/all_products" for ::1 at 2019-11-05 20:37:36 -0600
Started GET "/api/all_products" for ::1 at 2019-11-05 20:37:36 -0600
  [1m[36mProduct Load (2.2ms)[0m  [1m[34mSELECT "products".* FROM "products"[0m
  [1m[36mProduct Load (1.1ms)[0m  [1m[34mSELECT "products".* FROM "products"[0m
  ↳ app/controllers/application_controller.rb:10:in `map'
  ↳ app/controllers/application_controller.rb:10:in `map'
  Rendering api/products/all_products.json.jb
  Rendering api/products/all_products.json.jb
  Rendered api/products/all_products.json.jb (Duration: 0.1ms | Allocations: 4)
  Rendered api/products/all_products.json.jb (Duration: 0.0ms | Allocations: 4)
Completed 200 OK in 26ms (Views: 2.3ms | ActiveRecord: 7.3ms | Allocations: 9699)


Completed 200 OK in 22ms (Views: 1.7ms | ActiveRecord: 15.1ms | Allocations: 9449)


